{"D:\\RN\\in-office-react-native-app\\src\\setupTests.js": {"path":"D:\\RN\\in-office-react-native-app\\src\\setupTests.js","statementMap":{"0":{"start":{"line":4,"column":0},"end":{"line":4,"column":38}}},"fnMap":{},"branchMap":{},"s":{"0":4},"f":{},"b":{},"_coverageSchema":"332fd63041d2c1bcb487cc26dd0d5f7d97098a6c","hash":"116cbdac221a4cc1b4d1aca631981e6b6a7d5d25"}
,"D:\\RN\\in-office-react-native-app\\src\\Actions\\Profile\\actionTypes.js": {"path":"D:\\RN\\in-office-react-native-app\\src\\Actions\\Profile\\actionTypes.js","statementMap":{"0":{"start":{"line":8,"column":37},"end":{"line":8,"column":60}},"1":{"start":{"line":9,"column":47},"end":{"line":9,"column":80}},"2":{"start":{"line":10,"column":44},"end":{"line":10,"column":74}},"3":{"start":{"line":13,"column":38},"end":{"line":13,"column":62}},"4":{"start":{"line":14,"column":48},"end":{"line":14,"column":82}},"5":{"start":{"line":15,"column":45},"end":{"line":15,"column":76}}},"fnMap":{},"branchMap":{},"s":{"0":1,"1":1,"2":1,"3":1,"4":1,"5":1},"f":{},"b":{},"_coverageSchema":"332fd63041d2c1bcb487cc26dd0d5f7d97098a6c","hash":"a5b8be28d3887bf9529c5c2fa70ba171eb300778"}
,"D:\\RN\\in-office-react-native-app\\src\\Components\\SplashScreen.js": {"path":"D:\\RN\\in-office-react-native-app\\src\\Components\\SplashScreen.js","statementMap":{"0":{"start":{"line":8,"column":4},"end":{"line":8,"column":17}},"1":{"start":{"line":20,"column":4},"end":{"line":20,"column":25}},"2":{"start":{"line":24,"column":4},"end":{"line":35,"column":5}},"3":{"start":{"line":25,"column":6},"end":{"line":27,"column":14}},"4":{"start":{"line":26,"column":8},"end":{"line":26,"column":29}},"5":{"start":{"line":29,"column":8},"end":{"line":29,"column":30}},"6":{"start":{"line":31,"column":8},"end":{"line":31,"column":37}},"7":{"start":{"line":34,"column":8},"end":{"line":34,"column":68}},"8":{"start":{"line":39,"column":4},"end":{"line":51,"column":9}},"9":{"start":{"line":54,"column":4},"end":{"line":54,"column":35}},"10":{"start":{"line":58,"column":4},"end":{"line":68,"column":6}},"11":{"start":{"line":65,"column":10},"end":{"line":65,"column":30}},"12":{"start":{"line":72,"column":15},"end":{"line":84,"column":2}}},"fnMap":{"0":{"name":"(anonymous_0)","decl":{"start":{"line":7,"column":2},"end":{"line":7,"column":3}},"loc":{"start":{"line":7,"column":21},"end":{"line":9,"column":3}},"line":7},"1":{"name":"(anonymous_1)","decl":{"start":{"line":17,"column":2},"end":{"line":17,"column":3}},"loc":{"start":{"line":17,"column":22},"end":{"line":21,"column":3}},"line":17},"2":{"name":"(anonymous_2)","decl":{"start":{"line":23,"column":2},"end":{"line":23,"column":3}},"loc":{"start":{"line":23,"column":17},"end":{"line":36,"column":3}},"line":23},"3":{"name":"(anonymous_3)","decl":{"start":{"line":25,"column":17},"end":{"line":25,"column":18}},"loc":{"start":{"line":25,"column":23},"end":{"line":27,"column":7}},"line":25},"4":{"name":"(anonymous_4)","decl":{"start":{"line":38,"column":22},"end":{"line":38,"column":23}},"loc":{"start":{"line":38,"column":28},"end":{"line":55,"column":3}},"line":38},"5":{"name":"(anonymous_5)","decl":{"start":{"line":57,"column":2},"end":{"line":57,"column":3}},"loc":{"start":{"line":57,"column":11},"end":{"line":69,"column":3}},"line":57},"6":{"name":"(anonymous_6)","decl":{"start":{"line":64,"column":15},"end":{"line":64,"column":16}},"loc":{"start":{"line":64,"column":22},"end":{"line":66,"column":9}},"line":64}},"branchMap":{"0":{"loc":{"start":{"line":24,"column":4},"end":{"line":35,"column":5}},"type":"if","locations":[{"start":{"line":24,"column":4},"end":{"line":35,"column":5}},{"start":{"line":24,"column":4},"end":{"line":35,"column":5}}],"line":24}},"s":{"0":1,"1":1,"2":1,"3":1,"4":0,"5":0,"6":0,"7":0,"8":0,"9":0,"10":1,"11":0,"12":1},"f":{"0":1,"1":1,"2":1,"3":0,"4":0,"5":1,"6":0},"b":{"0":[1,0]},"_coverageSchema":"332fd63041d2c1bcb487cc26dd0d5f7d97098a6c","hash":"ba606c12368d0df7a2fa21d133c245f71af562bd"}
,"D:\\RN\\in-office-react-native-app\\src\\Components\\TwitterLogin.js": {"path":"D:\\RN\\in-office-react-native-app\\src\\Components\\TwitterLogin.js","statementMap":{"0":{"start":{"line":24,"column":14},"end":{"line":24,"column":100}},"1":{"start":{"line":29,"column":4},"end":{"line":29,"column":17}},"2":{"start":{"line":41,"column":4},"end":{"line":48,"column":42}},"3":{"start":{"line":46,"column":8},"end":{"line":46,"column":51}},"4":{"start":{"line":48,"column":22},"end":{"line":48,"column":40}},"5":{"start":{"line":52,"column":22},"end":{"line":52,"column":73}},"6":{"start":{"line":54,"column":4},"end":{"line":68,"column":5}},"7":{"start":{"line":55,"column":6},"end":{"line":67,"column":10}},"8":{"start":{"line":72,"column":20},"end":{"line":72,"column":29}},"9":{"start":{"line":73,"column":23},"end":{"line":73,"column":54}},"10":{"start":{"line":74,"column":20},"end":{"line":74,"column":29}},"11":{"start":{"line":75,"column":20},"end":{"line":75,"column":29}},"12":{"start":{"line":76,"column":4},"end":{"line":107,"column":6}},"13":{"start":{"line":99,"column":14},"end":{"line":99,"column":40}},"14":{"start":{"line":111,"column":15},"end":{"line":188,"column":2}}},"fnMap":{"0":{"name":"(anonymous_0)","decl":{"start":{"line":28,"column":2},"end":{"line":28,"column":3}},"loc":{"start":{"line":28,"column":21},"end":{"line":30,"column":3}},"line":28},"1":{"name":"(anonymous_1)","decl":{"start":{"line":40,"column":2},"end":{"line":40,"column":3}},"loc":{"start":{"line":40,"column":24},"end":{"line":49,"column":3}},"line":40},"2":{"name":"(anonymous_2)","decl":{"start":{"line":44,"column":12},"end":{"line":44,"column":13}},"loc":{"start":{"line":44,"column":27},"end":{"line":47,"column":7}},"line":44},"3":{"name":"(anonymous_3)","decl":{"start":{"line":48,"column":13},"end":{"line":48,"column":14}},"loc":{"start":{"line":48,"column":22},"end":{"line":48,"column":40}},"line":48},"4":{"name":"(anonymous_4)","decl":{"start":{"line":51,"column":2},"end":{"line":51,"column":3}},"loc":{"start":{"line":51,"column":50},"end":{"line":69,"column":3}},"line":51},"5":{"name":"(anonymous_5)","decl":{"start":{"line":71,"column":2},"end":{"line":71,"column":3}},"loc":{"start":{"line":71,"column":11},"end":{"line":108,"column":3}},"line":71},"6":{"name":"(anonymous_6)","decl":{"start":{"line":98,"column":23},"end":{"line":98,"column":24}},"loc":{"start":{"line":98,"column":29},"end":{"line":100,"column":13}},"line":98}},"branchMap":{"0":{"loc":{"start":{"line":54,"column":4},"end":{"line":68,"column":5}},"type":"if","locations":[{"start":{"line":54,"column":4},"end":{"line":68,"column":5}},{"start":{"line":54,"column":4},"end":{"line":68,"column":5}}],"line":54}},"s":{"0":1,"1":2,"2":0,"3":0,"4":0,"5":0,"6":0,"7":0,"8":2,"9":2,"10":2,"11":2,"12":2,"13":0,"14":1},"f":{"0":2,"1":0,"2":0,"3":0,"4":0,"5":2,"6":0},"b":{"0":[0,0]},"_coverageSchema":"332fd63041d2c1bcb487cc26dd0d5f7d97098a6c","hash":"03b0db3b0ea322ad7c65677cb5c02f1c40280f44"}
,"D:\\RN\\in-office-react-native-app\\src\\Components\\WelcomeScreen.js": {"path":"D:\\RN\\in-office-react-native-app\\src\\Components\\WelcomeScreen.js","statementMap":{"0":{"start":{"line":17,"column":4},"end":{"line":17,"column":17}},"1":{"start":{"line":28,"column":4},"end":{"line":28,"column":25}},"2":{"start":{"line":32,"column":4},"end":{"line":40,"column":5}},"3":{"start":{"line":33,"column":6},"end":{"line":35,"column":14}},"4":{"start":{"line":34,"column":8},"end":{"line":34,"column":29}},"5":{"start":{"line":37,"column":6},"end":{"line":37,"column":28}},"6":{"start":{"line":39,"column":6},"end":{"line":39,"column":35}},"7":{"start":{"line":43,"column":36},"end":{"line":45,"column":6}},"8":{"start":{"line":46,"column":4},"end":{"line":46,"column":60}},"9":{"start":{"line":50,"column":36},"end":{"line":52,"column":6}},"10":{"start":{"line":53,"column":4},"end":{"line":53,"column":60}},"11":{"start":{"line":57,"column":4},"end":{"line":95,"column":6}},"12":{"start":{"line":65,"column":12},"end":{"line":65,"column":39}},"13":{"start":{"line":78,"column":14},"end":{"line":78,"column":44}},"14":{"start":{"line":87,"column":14},"end":{"line":87,"column":39}},"15":{"start":{"line":99,"column":15},"end":{"line":154,"column":2}}},"fnMap":{"0":{"name":"(anonymous_0)","decl":{"start":{"line":16,"column":2},"end":{"line":16,"column":3}},"loc":{"start":{"line":16,"column":21},"end":{"line":18,"column":3}},"line":16},"1":{"name":"(anonymous_1)","decl":{"start":{"line":25,"column":2},"end":{"line":25,"column":3}},"loc":{"start":{"line":25,"column":22},"end":{"line":29,"column":3}},"line":25},"2":{"name":"(anonymous_2)","decl":{"start":{"line":31,"column":2},"end":{"line":31,"column":3}},"loc":{"start":{"line":31,"column":17},"end":{"line":41,"column":3}},"line":31},"3":{"name":"(anonymous_3)","decl":{"start":{"line":33,"column":17},"end":{"line":33,"column":18}},"loc":{"start":{"line":33,"column":23},"end":{"line":35,"column":7}},"line":33},"4":{"name":"(anonymous_4)","decl":{"start":{"line":42,"column":2},"end":{"line":42,"column":3}},"loc":{"start":{"line":42,"column":28},"end":{"line":47,"column":3}},"line":42},"5":{"name":"(anonymous_5)","decl":{"start":{"line":49,"column":2},"end":{"line":49,"column":3}},"loc":{"start":{"line":49,"column":23},"end":{"line":54,"column":3}},"line":49},"6":{"name":"(anonymous_6)","decl":{"start":{"line":56,"column":2},"end":{"line":56,"column":3}},"loc":{"start":{"line":56,"column":11},"end":{"line":96,"column":3}},"line":56},"7":{"name":"(anonymous_7)","decl":{"start":{"line":64,"column":17},"end":{"line":64,"column":18}},"loc":{"start":{"line":64,"column":30},"end":{"line":66,"column":11}},"line":64},"8":{"name":"(anonymous_8)","decl":{"start":{"line":77,"column":23},"end":{"line":77,"column":24}},"loc":{"start":{"line":77,"column":29},"end":{"line":79,"column":13}},"line":77},"9":{"name":"(anonymous_9)","decl":{"start":{"line":86,"column":23},"end":{"line":86,"column":24}},"loc":{"start":{"line":86,"column":29},"end":{"line":88,"column":13}},"line":86}},"branchMap":{"0":{"loc":{"start":{"line":32,"column":4},"end":{"line":40,"column":5}},"type":"if","locations":[{"start":{"line":32,"column":4},"end":{"line":40,"column":5}},{"start":{"line":32,"column":4},"end":{"line":40,"column":5}}],"line":32}},"s":{"0":2,"1":2,"2":2,"3":1,"4":0,"5":1,"6":1,"7":0,"8":0,"9":0,"10":0,"11":2,"12":1,"13":0,"14":0,"15":1},"f":{"0":2,"1":2,"2":2,"3":0,"4":0,"5":0,"6":2,"7":1,"8":0,"9":0},"b":{"0":[1,1]},"_coverageSchema":"332fd63041d2c1bcb487cc26dd0d5f7d97098a6c","hash":"1605deb55f021a92c3c72d477caa714d184ede30"}
,"D:\\RN\\in-office-react-native-app\\src\\Reducers\\Profile\\getProfile.js": {"path":"D:\\RN\\in-office-react-native-app\\src\\Reducers\\Profile\\getProfile.js","statementMap":{"0":{"start":{"line":9,"column":26},"end":{"line":28,"column":1}},"1":{"start":{"line":12,"column":4},"end":{"line":27,"column":5}},"2":{"start":{"line":14,"column":12},"end":{"line":14,"column":65}},"3":{"start":{"line":16,"column":12},"end":{"line":19,"column":14}},"4":{"start":{"line":21,"column":12},"end":{"line":24,"column":14}},"5":{"start":{"line":26,"column":12},"end":{"line":26,"column":27}}},"fnMap":{"0":{"name":"(anonymous_0)","decl":{"start":{"line":9,"column":26},"end":{"line":9,"column":27}},"loc":{"start":{"line":11,"column":14},"end":{"line":28,"column":1}},"line":11}},"branchMap":{"0":{"loc":{"start":{"line":9,"column":27},"end":{"line":11,"column":1}},"type":"default-arg","locations":[{"start":{"line":9,"column":37},"end":{"line":11,"column":1}}],"line":9},"1":{"loc":{"start":{"line":12,"column":4},"end":{"line":27,"column":5}},"type":"switch","locations":[{"start":{"line":13,"column":8},"end":{"line":14,"column":65}},{"start":{"line":15,"column":8},"end":{"line":19,"column":14}},{"start":{"line":20,"column":8},"end":{"line":24,"column":14}},{"start":{"line":25,"column":8},"end":{"line":26,"column":27}}],"line":12}},"s":{"0":1,"1":3,"2":1,"3":1,"4":0,"5":1},"f":{"0":3},"b":{"0":[3],"1":[1,1,0,1]},"_coverageSchema":"332fd63041d2c1bcb487cc26dd0d5f7d97098a6c","hash":"ff33be664c53845816fa3e0dd6fe30aba13055dd"}
,"D:\\RN\\in-office-react-native-app\\src\\utils\\Helper.js": {"path":"D:\\RN\\in-office-react-native-app\\src\\utils\\Helper.js","statementMap":{"0":{"start":{"line":17,"column":4},"end":{"line":17,"column":44}},"1":{"start":{"line":18,"column":4},"end":{"line":23,"column":5}},"2":{"start":{"line":19,"column":8},"end":{"line":19,"column":73}},"3":{"start":{"line":22,"column":8},"end":{"line":22,"column":21}},"4":{"start":{"line":25,"column":4},"end":{"line":31,"column":5}},"5":{"start":{"line":26,"column":8},"end":{"line":26,"column":94}},"6":{"start":{"line":27,"column":8},"end":{"line":27,"column":20}},"7":{"start":{"line":30,"column":8},"end":{"line":30,"column":21}},"8":{"start":{"line":37,"column":18},"end":{"line":37,"column":20}},"9":{"start":{"line":39,"column":4},"end":{"line":50,"column":5}},"10":{"start":{"line":40,"column":22},"end":{"line":40,"column":77}},"11":{"start":{"line":41,"column":8},"end":{"line":46,"column":9}},"12":{"start":{"line":43,"column":12},"end":{"line":43,"column":38}},"13":{"start":{"line":44,"column":12},"end":{"line":44,"column":59}},"14":{"start":{"line":45,"column":12},"end":{"line":45,"column":40}},"15":{"start":{"line":49,"column":8},"end":{"line":49,"column":21}},"16":{"start":{"line":63,"column":4},"end":{"line":66,"column":9}},"17":{"start":{"line":64,"column":8},"end":{"line":65,"column":25}},"18":{"start":{"line":65,"column":12},"end":{"line":65,"column":25}},"19":{"start":{"line":68,"column":4},"end":{"line":68,"column":16}}},"fnMap":{"0":{"name":"setMemberTokenDetails","decl":{"start":{"line":15,"column":22},"end":{"line":15,"column":43}},"loc":{"start":{"line":15,"column":58},"end":{"line":33,"column":1}},"line":15},"1":{"name":"getMemberTokenDetails","decl":{"start":{"line":36,"column":22},"end":{"line":36,"column":43}},"loc":{"start":{"line":36,"column":46},"end":{"line":51,"column":1}},"line":36},"2":{"name":"isEmpty","decl":{"start":{"line":62,"column":16},"end":{"line":62,"column":23}},"loc":{"start":{"line":62,"column":29},"end":{"line":69,"column":1}},"line":62}},"branchMap":{"0":{"loc":{"start":{"line":41,"column":8},"end":{"line":46,"column":9}},"type":"if","locations":[{"start":{"line":41,"column":8},"end":{"line":46,"column":9}},{"start":{"line":41,"column":8},"end":{"line":46,"column":9}}],"line":41},"1":{"loc":{"start":{"line":64,"column":8},"end":{"line":65,"column":25}},"type":"if","locations":[{"start":{"line":64,"column":8},"end":{"line":65,"column":25}},{"start":{"line":64,"column":8},"end":{"line":65,"column":25}}],"line":64}},"s":{"0":0,"1":0,"2":0,"3":0,"4":0,"5":0,"6":0,"7":0,"8":0,"9":0,"10":0,"11":0,"12":0,"13":0,"14":0,"15":0,"16":0,"17":0,"18":0,"19":0},"f":{"0":0,"1":0,"2":0},"b":{"0":[0,0],"1":[0,0]},"_coverageSchema":"332fd63041d2c1bcb487cc26dd0d5f7d97098a6c","hash":"a6aa89a8a13f1ecb7e948a0aa1dab7a5f8a14c27"}
}
