TN:
SF:D:\RN\in-office-react-native-app\src\setupTests.js
FNF:0
FNH:0
DA:4,4
LF:1
LH:1
BRF:0
BRH:0
end_of_record
TN:
SF:D:\RN\in-office-react-native-app\src\Actions\Profile\actionTypes.js
FNF:0
FNH:0
DA:8,1
DA:9,1
DA:10,1
DA:13,1
DA:14,1
DA:15,1
LF:6
LH:6
BRF:0
BRH:0
end_of_record
TN:
SF:D:\RN\in-office-react-native-app\src\Components\SplashScreen.js
FN:7,(anonymous_0)
FN:17,(anonymous_1)
FN:23,(anonymous_2)
FN:25,(anonymous_3)
FN:38,(anonymous_4)
FN:57,(anonymous_5)
FN:64,(anonymous_6)
FNF:7
FNH:4
FNDA:1,(anonymous_0)
FNDA:1,(anonymous_1)
FNDA:1,(anonymous_2)
FNDA:0,(anonymous_3)
FNDA:0,(anonymous_4)
FNDA:1,(anonymous_5)
FNDA:0,(anonymous_6)
DA:8,1
DA:20,1
DA:24,1
DA:25,1
DA:26,0
DA:29,0
DA:31,0
DA:34,0
DA:39,0
DA:54,0
DA:58,1
DA:65,0
DA:72,1
LF:13
LH:6
BRDA:24,0,0,1
BRDA:24,0,1,0
BRF:2
BRH:1
end_of_record
TN:
SF:D:\RN\in-office-react-native-app\src\Components\TwitterLogin.js
FN:28,(anonymous_0)
FN:40,(anonymous_1)
FN:44,(anonymous_2)
FN:48,(anonymous_3)
FN:51,(anonymous_4)
FN:71,(anonymous_5)
FN:98,(anonymous_6)
FNF:7
FNH:2
FNDA:2,(anonymous_0)
FNDA:0,(anonymous_1)
FNDA:0,(anonymous_2)
FNDA:0,(anonymous_3)
FNDA:0,(anonymous_4)
FNDA:2,(anonymous_5)
FNDA:0,(anonymous_6)
DA:24,1
DA:29,2
DA:41,0
DA:46,0
DA:48,0
DA:52,0
DA:54,0
DA:55,0
DA:72,2
DA:73,2
DA:74,2
DA:75,2
DA:76,2
DA:99,0
DA:111,1
LF:15
LH:8
BRDA:54,0,0,0
BRDA:54,0,1,0
BRF:2
BRH:0
end_of_record
TN:
SF:D:\RN\in-office-react-native-app\src\Components\WelcomeScreen.js
FN:16,(anonymous_0)
FN:25,(anonymous_1)
FN:31,(anonymous_2)
FN:33,(anonymous_3)
FN:42,(anonymous_4)
FN:49,(anonymous_5)
FN:56,(anonymous_6)
FN:64,(anonymous_7)
FN:77,(anonymous_8)
FN:86,(anonymous_9)
FNF:10
FNH:5
FNDA:2,(anonymous_0)
FNDA:2,(anonymous_1)
FNDA:2,(anonymous_2)
FNDA:0,(anonymous_3)
FNDA:0,(anonymous_4)
FNDA:0,(anonymous_5)
FNDA:2,(anonymous_6)
FNDA:1,(anonymous_7)
FNDA:0,(anonymous_8)
FNDA:0,(anonymous_9)
DA:17,2
DA:28,2
DA:32,2
DA:33,1
DA:34,0
DA:37,1
DA:39,1
DA:43,0
DA:46,0
DA:50,0
DA:53,0
DA:57,2
DA:65,1
DA:78,0
DA:87,0
DA:99,1
LF:16
LH:9
BRDA:32,0,0,1
BRDA:32,0,1,1
BRF:2
BRH:2
end_of_record
TN:
SF:D:\RN\in-office-react-native-app\src\Reducers\Profile\getProfile.js
FN:9,(anonymous_0)
FNF:1
FNH:1
FNDA:3,(anonymous_0)
DA:9,1
DA:12,3
DA:14,1
DA:16,1
DA:21,0
DA:26,1
LF:6
LH:5
BRDA:9,0,0,3
BRDA:12,1,0,1
BRDA:12,1,1,1
BRDA:12,1,2,0
BRDA:12,1,3,1
BRF:5
BRH:4
end_of_record
TN:
SF:D:\RN\in-office-react-native-app\src\utils\Helper.js
FN:15,setMemberTokenDetails
FN:36,getMemberTokenDetails
FN:62,isEmpty
FNF:3
FNH:0
FNDA:0,setMemberTokenDetails
FNDA:0,getMemberTokenDetails
FNDA:0,isEmpty
DA:17,0
DA:18,0
DA:19,0
DA:22,0
DA:25,0
DA:26,0
DA:27,0
DA:30,0
DA:37,0
DA:39,0
DA:40,0
DA:41,0
DA:43,0
DA:44,0
DA:45,0
DA:49,0
DA:63,0
DA:64,0
DA:65,0
DA:68,0
LF:20
LH:0
BRDA:41,0,0,0
BRDA:41,0,1,0
BRDA:64,1,0,0
BRDA:64,1,1,0
BRF:4
BRH:0
end_of_record
